<?xml version="1.0" encoding="UTF-8"?>
<testsuite xmlns:xsi="http://www.w3.org/2001/XMLSchema-instance" xsi:noNamespaceSchemaLocation="https://maven.apache.org/surefire/maven-surefire-plugin/xsd/surefire-test-report.xsd" name="src.repository.EmployeeRepositoryTest" time="1.936" tests="1" errors="1" skipped="0" failures="0">
  <properties>
[...]
</properties>
  <testcase name="ValidEmployeeID" classname="src.repository.EmployeeRepositoryTest" time="0.029">
    <error message="Converting `org.hibernate.PersistentObjectException` to JPA `PersistenceException` : detached entity passed to persist: src.entity.Employee" type="jakarta.persistence.PersistenceException">jakarta.persistence.PersistenceException: Converting `org.hibernate.PersistentObjectException` to JPA `PersistenceException` : detached entity passed to persist: src.entity.Employee
	at src.repository.EmployeeRepositoryTest.setUp(EmployeeRepositoryTest.java:32)
Caused by: org.hibernate.PersistentObjectException: detached entity passed to persist: src.entity.Employee
	at src.repository.EmployeeRepositoryTest.setUp(EmployeeRepositoryTest.java:32)
</error>
    <system-out><![CDATA[2023-01-02T18:11:36.797-06:00  INFO 15024 --- [           main] t.c.s.AnnotationConfigContextLoaderUtils : Could not detect default configuration classes for test class [src.repository.EmployeeRepositoryTest]: EmployeeRepositoryTest does not declare any static, non-private, non-final, nested classes annotated with @Configuration.
2023-01-02T18:11:36.836-06:00  INFO 15024 --- [           main] .b.t.c.SpringBootTestContextBootstrapper : Found @SpringBootConfiguration src.Main for test class src.repository.EmployeeRepositoryTest

  .   ____          _            __ _ _
 /\\ / ___'_ __ _ _(_)_ __  __ _ \ \ \ \
( ( )\___ | '_ | '_| | '_ \/ _` | \ \ \ \
 \\/  ___)| |_)| | | | | || (_| |  ) ) ) )
  '  |____| .__|_| |_|_| |_\__, | / / / /
 =========|_|==============|___/=/_/_/_/
 :: Spring Boot ::                (v3.0.0)

2023-01-02T18:11:36.879-06:00  INFO 15024 --- [           main] src.repository.EmployeeRepositoryTest    : Starting EmployeeRepositoryTest using Java 19.0.1 with PID 15024 (started by Nitesh Reddy in C:\Users\Nitesh Reddy\IdeaProjects\Employee)
2023-01-02T18:11:36.880-06:00  INFO 15024 --- [           main] src.repository.EmployeeRepositoryTest    : No active profile set, falling back to 1 default profile: "default"
2023-01-02T18:11:37.047-06:00  INFO 15024 --- [           main] .s.d.r.c.RepositoryConfigurationDelegate : Bootstrapping Spring Data JPA repositories in DEFAULT mode.
2023-01-02T18:11:37.100-06:00  INFO 15024 --- [           main] .s.d.r.c.RepositoryConfigurationDelegate : Finished Spring Data repository scanning in 45 ms. Found 1 JPA repository interfaces.
2023-01-02T18:11:37.143-06:00  INFO 15024 --- [           main] beddedDataSourceBeanFactoryPostProcessor : Replacing 'dataSource' DataSource bean with embedded version
2023-01-02T18:11:37.251-06:00  INFO 15024 --- [           main] o.s.j.d.e.EmbeddedDatabaseFactory        : Starting embedded database: url='jdbc:h2:mem:e657e3aa-d69b-4018-8f7e-f43f71af85e8;DB_CLOSE_DELAY=-1;DB_CLOSE_ON_EXIT=false', username='sa'
2023-01-02T18:11:37.507-06:00  INFO 15024 --- [           main] o.hibernate.jpa.internal.util.LogHelper  : HHH000204: Processing PersistenceUnitInfo [name: default]
2023-01-02T18:11:37.573-06:00  INFO 15024 --- [           main] org.hibernate.Version                    : HHH000412: Hibernate ORM core version 6.1.5.Final
2023-01-02T18:11:37.598-06:00  WARN 15024 --- [           main] org.hibernate.orm.deprecation            : HHH90000021: Encountered deprecated setting [javax.persistence.sharedCache.mode], use [jakarta.persistence.sharedCache.mode] instead
2023-01-02T18:11:37.700-06:00  INFO 15024 --- [           main] SQL dialect                              : HHH000400: Using dialect: org.hibernate.dialect.H2Dialect
Hibernate: create table employee (empid bigint not null, emp_address varchar(255), emp_contact varchar(255), emp_email varchar(255), emp_name varchar(255), primary key (empid))
Hibernate: create sequence employee_seq start with 1 increment by 50
2023-01-02T18:11:38.330-06:00  INFO 15024 --- [           main] o.h.e.t.j.p.i.JtaPlatformInitiator       : HHH000490: Using JtaPlatform implementation: [org.hibernate.engine.transaction.jta.platform.internal.NoJtaPlatform]
2023-01-02T18:11:38.340-06:00  INFO 15024 --- [           main] j.LocalContainerEntityManagerFactoryBean : Initialized JPA EntityManagerFactory for persistence unit 'default'
2023-01-02T18:11:38.737-06:00  INFO 15024 --- [           main] src.repository.EmployeeRepositoryTest    : Started EmployeeRepositoryTest in 1.893 seconds (process running for 5.878)
]]></system-out>
  </testcase>
</testsuite>